[0mCompiling "resources/public/js/app.js" from ["src"]...
Compile cljs.core, elapsed time: 75.615993 msecs
Compile cljs.core.async.impl.protocols, elapsed time: 25.972337 msecs
Compile cljs.core.async.impl.buffers, elapsed time: 7.795509 msecs
Compile cljs.core.async.impl.ioc-helpers, elapsed time: 11.696215 msecs
Compile clojure.set, elapsed time: 6.992717 msecs
Compile cljs.core.async.impl.dispatch, elapsed time: 6.925827 msecs
Compile clojure.string, elapsed time: 10.173007 msecs
Compile cljs.core.async.impl.channels, elapsed time: 9.303264 msecs
Compile figwheel.client.utils, elapsed time: 7.01325 msecs
Compile clojure.walk, elapsed time: 4.552653 msecs
Compile cljs.spec.impl.gen, elapsed time: 14.771942 msecs
Compile cljs.core.async.impl.timers, elapsed time: 10.654308 msecs
Compile cljs.reader, elapsed time: 12.015354 msecs
Compile figwheel.client.socket, elapsed time: 8.339039 msecs
Compile cljs.spec, elapsed time: 30.896045 msecs
Compile om.util, elapsed time: 8.498845 msecs
Compile cljs.repl, elapsed time: 8.573818 msecs
Compile clojure.core.matrix.impl.mathsops, elapsed time: 7.394639 msecs
Compile clojure.core.matrix.macros, elapsed time: 7.163939 msecs
Compile cljs.core.async, elapsed time: 46.83364 msecs
Compile clojure.core.matrix.utils, elapsed time: 10.62751 msecs
Compile figwheel.client.heads-up, elapsed time: 26.282225 msecs
Compile om.dom, elapsed time: 50.740961 msecs
Compile figwheel.client.file-reloading, elapsed time: 36.586231 msecs
Compile clojure.core.matrix.protocols, elapsed time: 39.78543 msecs
Compile figwheel.client, elapsed time: 17.754328 msecs
Compile clojure.core.matrix.implementations, elapsed time: 8.857361 msecs
Compile clojure.core.matrix.impl.sequence, elapsed time: 8.954391 msecs
Compile clojure.core.matrix.impl.common, elapsed time: 10.898083 msecs
Compile clojure.core.matrix.impl.persistent-vector, elapsed time: 15.632172 msecs
Compile clojure.core.matrix.impl.wrappers, elapsed time: 13.957323 msecs
Compile clojure.core.matrix.impl.double-array, elapsed time: 13.672753 msecs
Compile om.next.cache, elapsed time: 4.389755 msecs
Compile clojure.zip, elapsed time: 6.423902 msecs
Compile om.next.impl.parser, elapsed time: 10.144485 msecs
Compile cljs.env, elapsed time: 6.89485 msecs
Compile clojure.core.matrix.impl.defaults, elapsed time: 31.27338 msecs
Compile cljs.tools.reader.impl.utils, elapsed time: 11.067972 msecs
Compile cljs.tools.reader.reader-types, elapsed time: 11.035958 msecs
Compile cljs.tools.reader.impl.commons, elapsed time: 7.659157 msecs
Compile cljs.tagged-literals, elapsed time: 7.342974 msecs
Compile clojure.core.matrix, elapsed time: 46.495832 msecs
Compile clojure.core.matrix.operators, elapsed time: 12.67348 msecs
Compile cljs.tools.reader, elapsed time: 23.172323 msecs
Compile om.tempid, elapsed time: 5.178885 msecs
Compile common.math, elapsed time: 28.107247 msecs
Compile om.next.protocols, elapsed time: 36.108703 msecs
Compile cognitect.transit, elapsed time: 29.752293 msecs
Compile common.web, elapsed time: 16.54977 msecs
Compile unicycle.core, elapsed time: 27.630838 msecs
Compile om.transit, elapsed time: 20.616055 msecs
Compile cljs.analyzer, elapsed time: 71.885752 msecs
Compile cljs.analyzer.api, elapsed time: 10.651532 msecs
Compile om.next, elapsed time: 77.20389 msecs
Compiling /home/pedro/GitHub/unicycle/src/unicycle/ui.cljs
Compile unicycle.ui, elapsed time: 900.925505 msecs
Compiling target/figwheel_temp/dev/figwheel/connect.cljs
Compile figwheel.connect, elapsed time: 14.691019 msecs
Compile sources, elapsed time: 1557.08609 msecs
Copying file:/home/pedro/GitHub/unicycle/src/unicycle/ui.cljs to resources/public/js/unicycle/ui.cljs
notifying browser that file changed:  resources/public/js/goog/deps.js
notifying browser that file changed:  resources/public/js/cljs_deps.js
notifying browser that file changed:  out/unicycle/ui.js
[32mSuccessfully compiled "resources/public/js/app.js" in 2.451 seconds.[0m
